0 info it worked if it ends with ok
1 verbose cli [ 'C:\\Program Files\\nodejs\\node.exe',
1 verbose cli   'C:\\Program Files\\nodejs\\node_modules\\npm\\bin\\npm-cli.js',
1 verbose cli   'install',
1 verbose cli   '--save',
1 verbose cli   'core-js',
1 verbose cli   'rxjs',
1 verbose cli   'zone.js' ]
2 info using npm@3.10.8
3 info using node@v6.9.1
4 silly loadCurrentTree Starting
5 silly install loadCurrentTree
6 silly install readLocalPackageData
7 silly fetchPackageMetaData core-js
8 silly fetchPackageMetaData rxjs
9 silly fetchPackageMetaData zone.js
10 silly fetchNamedPackageData core-js
11 silly mapToRegistry name core-js
12 silly mapToRegistry using default registry
13 silly mapToRegistry registry http://lxdev.cityworks.com:8888/
14 silly mapToRegistry data Result {
14 silly mapToRegistry   raw: 'core-js',
14 silly mapToRegistry   scope: null,
14 silly mapToRegistry   escapedName: 'core-js',
14 silly mapToRegistry   name: 'core-js',
14 silly mapToRegistry   rawSpec: '',
14 silly mapToRegistry   spec: 'latest',
14 silly mapToRegistry   type: 'tag' }
15 silly mapToRegistry uri http://lxdev.cityworks.com:8888/core-js
16 silly fetchNamedPackageData rxjs
17 silly mapToRegistry name rxjs
18 silly mapToRegistry using default registry
19 silly mapToRegistry registry http://lxdev.cityworks.com:8888/
20 silly mapToRegistry data Result {
20 silly mapToRegistry   raw: 'rxjs',
20 silly mapToRegistry   scope: null,
20 silly mapToRegistry   escapedName: 'rxjs',
20 silly mapToRegistry   name: 'rxjs',
20 silly mapToRegistry   rawSpec: '',
20 silly mapToRegistry   spec: 'latest',
20 silly mapToRegistry   type: 'tag' }
21 silly mapToRegistry uri http://lxdev.cityworks.com:8888/rxjs
22 silly fetchNamedPackageData zone.js
23 silly mapToRegistry name zone.js
24 silly mapToRegistry using default registry
25 silly mapToRegistry registry http://lxdev.cityworks.com:8888/
26 silly mapToRegistry data Result {
26 silly mapToRegistry   raw: 'zone.js',
26 silly mapToRegistry   scope: null,
26 silly mapToRegistry   escapedName: 'zone.js',
26 silly mapToRegistry   name: 'zone.js',
26 silly mapToRegistry   rawSpec: '',
26 silly mapToRegistry   spec: 'latest',
26 silly mapToRegistry   type: 'tag' }
27 silly mapToRegistry uri http://lxdev.cityworks.com:8888/zone.js
28 verbose request uri http://lxdev.cityworks.com:8888/core-js
29 verbose request no auth needed
30 info attempt registry request try #1 at 2:58:33 PM
31 verbose request using bearer token for auth
32 verbose request id 0650b8dc1fb36ac2
33 http request GET http://lxdev.cityworks.com:8888/core-js
34 verbose request uri http://lxdev.cityworks.com:8888/rxjs
35 verbose request no auth needed
36 info attempt registry request try #1 at 2:58:33 PM
37 verbose request using bearer token for auth
38 http request GET http://lxdev.cityworks.com:8888/rxjs
39 verbose request uri http://lxdev.cityworks.com:8888/zone.js
40 verbose request no auth needed
41 info attempt registry request try #1 at 2:58:33 PM
42 verbose request using bearer token for auth
43 http request GET http://lxdev.cityworks.com:8888/zone.js
44 http 403 http://lxdev.cityworks.com:8888/core-js
45 verbose headers { 'x-powered-by': 'Sinopia/1.4.0',
45 verbose headers   'content-type': 'application/json; charset=utf-8',
45 verbose headers   'content-length': '70',
45 verbose headers   etag: 'W/"46-ff0db7d6"',
45 verbose headers   vary: 'Accept-Encoding',
45 verbose headers   'x-status-cat': 'http://flic.kr/p/aV6jFK',
45 verbose headers   date: 'Wed, 28 Dec 2016 21:58:33 GMT',
45 verbose headers   connection: 'keep-alive' }
46 silly get cb [ 403,
46 silly get   { 'x-powered-by': 'Sinopia/1.4.0',
46 silly get     'content-type': 'application/json; charset=utf-8',
46 silly get     'content-length': '70',
46 silly get     etag: 'W/"46-ff0db7d6"',
46 silly get     vary: 'Accept-Encoding',
46 silly get     'x-status-cat': 'http://flic.kr/p/aV6jFK',
46 silly get     date: 'Wed, 28 Dec 2016 21:58:33 GMT',
46 silly get     connection: 'keep-alive' } ]
47 silly fetchPackageMetaData Error: user cmyers is not allowed to access package core-js : core-js
47 silly fetchPackageMetaData     at makeError (C:\Program Files\nodejs\node_modules\npm\node_modules\npm-registry-client\lib\request.js:302:12)
47 silly fetchPackageMetaData     at CachingRegistryClient.<anonymous> (C:\Program Files\nodejs\node_modules\npm\node_modules\npm-registry-client\lib\request.js:290:14)
47 silly fetchPackageMetaData     at Request._callback (C:\Program Files\nodejs\node_modules\npm\node_modules\npm-registry-client\lib\request.js:210:14)
47 silly fetchPackageMetaData     at Request.self.callback (C:\Program Files\nodejs\node_modules\npm\node_modules\request\request.js:187:22)
47 silly fetchPackageMetaData     at emitTwo (events.js:106:13)
47 silly fetchPackageMetaData     at Request.emit (events.js:191:7)
47 silly fetchPackageMetaData     at Request.<anonymous> (C:\Program Files\nodejs\node_modules\npm\node_modules\request\request.js:1044:10)
47 silly fetchPackageMetaData     at emitOne (events.js:96:13)
47 silly fetchPackageMetaData     at Request.emit (events.js:188:7)
47 silly fetchPackageMetaData     at IncomingMessage.<anonymous> (C:\Program Files\nodejs\node_modules\npm\node_modules\request\request.js:965:12)
47 silly fetchPackageMetaData  error for core-js { Error: user cmyers is not allowed to access package core-js : core-js
47 silly fetchPackageMetaData     at makeError (C:\Program Files\nodejs\node_modules\npm\node_modules\npm-registry-client\lib\request.js:302:12)
47 silly fetchPackageMetaData     at CachingRegistryClient.<anonymous> (C:\Program Files\nodejs\node_modules\npm\node_modules\npm-registry-client\lib\request.js:290:14)
47 silly fetchPackageMetaData     at Request._callback (C:\Program Files\nodejs\node_modules\npm\node_modules\npm-registry-client\lib\request.js:210:14)
47 silly fetchPackageMetaData     at Request.self.callback (C:\Program Files\nodejs\node_modules\npm\node_modules\request\request.js:187:22)
47 silly fetchPackageMetaData     at emitTwo (events.js:106:13)
47 silly fetchPackageMetaData     at Request.emit (events.js:191:7)
47 silly fetchPackageMetaData     at Request.<anonymous> (C:\Program Files\nodejs\node_modules\npm\node_modules\request\request.js:1044:10)
47 silly fetchPackageMetaData     at emitOne (events.js:96:13)
47 silly fetchPackageMetaData     at Request.emit (events.js:188:7)
47 silly fetchPackageMetaData     at IncomingMessage.<anonymous> (C:\Program Files\nodejs\node_modules\npm\node_modules\request\request.js:965:12) pkgid: 'core-js', statusCode: 403, code: 'E403' }
48 http 403 http://lxdev.cityworks.com:8888/rxjs
49 verbose headers { 'x-powered-by': 'Sinopia/1.4.0',
49 verbose headers   'content-type': 'application/json; charset=utf-8',
49 verbose headers   'content-length': '67',
49 verbose headers   etag: 'W/"43-105f6a2d"',
49 verbose headers   vary: 'Accept-Encoding',
49 verbose headers   'x-status-cat': 'http://flic.kr/p/aV6jFK',
49 verbose headers   date: 'Wed, 28 Dec 2016 21:58:33 GMT',
49 verbose headers   connection: 'keep-alive' }
50 silly get cb [ 403,
50 silly get   { 'x-powered-by': 'Sinopia/1.4.0',
50 silly get     'content-type': 'application/json; charset=utf-8',
50 silly get     'content-length': '67',
50 silly get     etag: 'W/"43-105f6a2d"',
50 silly get     vary: 'Accept-Encoding',
50 silly get     'x-status-cat': 'http://flic.kr/p/aV6jFK',
50 silly get     date: 'Wed, 28 Dec 2016 21:58:33 GMT',
50 silly get     connection: 'keep-alive' } ]
51 silly fetchPackageMetaData Error: user cmyers is not allowed to access package rxjs : rxjs
51 silly fetchPackageMetaData     at makeError (C:\Program Files\nodejs\node_modules\npm\node_modules\npm-registry-client\lib\request.js:302:12)
51 silly fetchPackageMetaData     at CachingRegistryClient.<anonymous> (C:\Program Files\nodejs\node_modules\npm\node_modules\npm-registry-client\lib\request.js:290:14)
51 silly fetchPackageMetaData     at Request._callback (C:\Program Files\nodejs\node_modules\npm\node_modules\npm-registry-client\lib\request.js:210:14)
51 silly fetchPackageMetaData     at Request.self.callback (C:\Program Files\nodejs\node_modules\npm\node_modules\request\request.js:187:22)
51 silly fetchPackageMetaData     at emitTwo (events.js:106:13)
51 silly fetchPackageMetaData     at Request.emit (events.js:191:7)
51 silly fetchPackageMetaData     at Request.<anonymous> (C:\Program Files\nodejs\node_modules\npm\node_modules\request\request.js:1044:10)
51 silly fetchPackageMetaData     at emitOne (events.js:96:13)
51 silly fetchPackageMetaData     at Request.emit (events.js:188:7)
51 silly fetchPackageMetaData     at IncomingMessage.<anonymous> (C:\Program Files\nodejs\node_modules\npm\node_modules\request\request.js:965:12)
51 silly fetchPackageMetaData  error for rxjs { Error: user cmyers is not allowed to access package rxjs : rxjs
51 silly fetchPackageMetaData     at makeError (C:\Program Files\nodejs\node_modules\npm\node_modules\npm-registry-client\lib\request.js:302:12)
51 silly fetchPackageMetaData     at CachingRegistryClient.<anonymous> (C:\Program Files\nodejs\node_modules\npm\node_modules\npm-registry-client\lib\request.js:290:14)
51 silly fetchPackageMetaData     at Request._callback (C:\Program Files\nodejs\node_modules\npm\node_modules\npm-registry-client\lib\request.js:210:14)
51 silly fetchPackageMetaData     at Request.self.callback (C:\Program Files\nodejs\node_modules\npm\node_modules\request\request.js:187:22)
51 silly fetchPackageMetaData     at emitTwo (events.js:106:13)
51 silly fetchPackageMetaData     at Request.emit (events.js:191:7)
51 silly fetchPackageMetaData     at Request.<anonymous> (C:\Program Files\nodejs\node_modules\npm\node_modules\request\request.js:1044:10)
51 silly fetchPackageMetaData     at emitOne (events.js:96:13)
51 silly fetchPackageMetaData     at Request.emit (events.js:188:7)
51 silly fetchPackageMetaData     at IncomingMessage.<anonymous> (C:\Program Files\nodejs\node_modules\npm\node_modules\request\request.js:965:12) pkgid: 'rxjs', statusCode: 403, code: 'E403' }
52 http 403 http://lxdev.cityworks.com:8888/zone.js
53 verbose headers { 'x-powered-by': 'Sinopia/1.4.0',
53 verbose headers   'content-type': 'application/json; charset=utf-8',
53 verbose headers   'content-length': '70',
53 verbose headers   etag: 'W/"46-51aae660"',
53 verbose headers   vary: 'Accept-Encoding',
53 verbose headers   'x-status-cat': 'http://flic.kr/p/aV6jFK',
53 verbose headers   date: 'Wed, 28 Dec 2016 21:58:33 GMT',
53 verbose headers   connection: 'keep-alive' }
54 silly get cb [ 403,
54 silly get   { 'x-powered-by': 'Sinopia/1.4.0',
54 silly get     'content-type': 'application/json; charset=utf-8',
54 silly get     'content-length': '70',
54 silly get     etag: 'W/"46-51aae660"',
54 silly get     vary: 'Accept-Encoding',
54 silly get     'x-status-cat': 'http://flic.kr/p/aV6jFK',
54 silly get     date: 'Wed, 28 Dec 2016 21:58:33 GMT',
54 silly get     connection: 'keep-alive' } ]
55 silly fetchPackageMetaData Error: user cmyers is not allowed to access package zone.js : zone.js
55 silly fetchPackageMetaData     at makeError (C:\Program Files\nodejs\node_modules\npm\node_modules\npm-registry-client\lib\request.js:302:12)
55 silly fetchPackageMetaData     at CachingRegistryClient.<anonymous> (C:\Program Files\nodejs\node_modules\npm\node_modules\npm-registry-client\lib\request.js:290:14)
55 silly fetchPackageMetaData     at Request._callback (C:\Program Files\nodejs\node_modules\npm\node_modules\npm-registry-client\lib\request.js:210:14)
55 silly fetchPackageMetaData     at Request.self.callback (C:\Program Files\nodejs\node_modules\npm\node_modules\request\request.js:187:22)
55 silly fetchPackageMetaData     at emitTwo (events.js:106:13)
55 silly fetchPackageMetaData     at Request.emit (events.js:191:7)
55 silly fetchPackageMetaData     at Request.<anonymous> (C:\Program Files\nodejs\node_modules\npm\node_modules\request\request.js:1044:10)
55 silly fetchPackageMetaData     at emitOne (events.js:96:13)
55 silly fetchPackageMetaData     at Request.emit (events.js:188:7)
55 silly fetchPackageMetaData     at IncomingMessage.<anonymous> (C:\Program Files\nodejs\node_modules\npm\node_modules\request\request.js:965:12)
55 silly fetchPackageMetaData  error for zone.js { Error: user cmyers is not allowed to access package zone.js : zone.js
55 silly fetchPackageMetaData     at makeError (C:\Program Files\nodejs\node_modules\npm\node_modules\npm-registry-client\lib\request.js:302:12)
55 silly fetchPackageMetaData     at CachingRegistryClient.<anonymous> (C:\Program Files\nodejs\node_modules\npm\node_modules\npm-registry-client\lib\request.js:290:14)
55 silly fetchPackageMetaData     at Request._callback (C:\Program Files\nodejs\node_modules\npm\node_modules\npm-registry-client\lib\request.js:210:14)
55 silly fetchPackageMetaData     at Request.self.callback (C:\Program Files\nodejs\node_modules\npm\node_modules\request\request.js:187:22)
55 silly fetchPackageMetaData     at emitTwo (events.js:106:13)
55 silly fetchPackageMetaData     at Request.emit (events.js:191:7)
55 silly fetchPackageMetaData     at Request.<anonymous> (C:\Program Files\nodejs\node_modules\npm\node_modules\request\request.js:1044:10)
55 silly fetchPackageMetaData     at emitOne (events.js:96:13)
55 silly fetchPackageMetaData     at Request.emit (events.js:188:7)
55 silly fetchPackageMetaData     at IncomingMessage.<anonymous> (C:\Program Files\nodejs\node_modules\npm\node_modules\request\request.js:965:12) pkgid: 'zone.js', statusCode: 403, code: 'E403' }
56 silly rollbackFailedOptional Starting
57 silly rollbackFailedOptional Finishing
58 silly runTopLevelLifecycles Finishing
59 silly install printInstalled
60 verbose stack Error: user cmyers is not allowed to access package core-js : core-js
60 verbose stack     at makeError (C:\Program Files\nodejs\node_modules\npm\node_modules\npm-registry-client\lib\request.js:302:12)
60 verbose stack     at CachingRegistryClient.<anonymous> (C:\Program Files\nodejs\node_modules\npm\node_modules\npm-registry-client\lib\request.js:290:14)
60 verbose stack     at Request._callback (C:\Program Files\nodejs\node_modules\npm\node_modules\npm-registry-client\lib\request.js:210:14)
60 verbose stack     at Request.self.callback (C:\Program Files\nodejs\node_modules\npm\node_modules\request\request.js:187:22)
60 verbose stack     at emitTwo (events.js:106:13)
60 verbose stack     at Request.emit (events.js:191:7)
60 verbose stack     at Request.<anonymous> (C:\Program Files\nodejs\node_modules\npm\node_modules\request\request.js:1044:10)
60 verbose stack     at emitOne (events.js:96:13)
60 verbose stack     at Request.emit (events.js:188:7)
60 verbose stack     at IncomingMessage.<anonymous> (C:\Program Files\nodejs\node_modules\npm\node_modules\request\request.js:965:12)
61 verbose statusCode 403
62 verbose pkgid core-js
63 verbose cwd C:\practice\axisandallies
64 error Windows_NT 10.0.14393
65 error argv "C:\\Program Files\\nodejs\\node.exe" "C:\\Program Files\\nodejs\\node_modules\\npm\\bin\\npm-cli.js" "install" "--save" "core-js" "rxjs" "zone.js"
66 error node v6.9.1
67 error npm  v3.10.8
68 error code E403
69 error user cmyers is not allowed to access package core-js : core-js
70 error If you need help, you may report this error at:
70 error     <https://github.com/npm/npm/issues>
71 verbose exit [ 1, true ]
